<?xml version="1.0" encoding="UTF-8"?>
<!-- Generated by org.testng.reporters.JUnitReportReporter -->
<testsuite hostname="DESKTOP-K9624QN" failures="0" tests="1" name="Academy.CheckMentorPage" time="19.207" errors="0" timestamp="2021-03-02T23:22:55 IST" skipped="0">
  <testcase classname="Academy.CheckMentorPage" name="metorPage" time="19.207"/>
  <system-out/>
</testsuite> <!-- Academy.CheckMentorPage -->
