<?xml version="1.0" encoding="UTF-8"?>
<!-- Generated by org.testng.reporters.JUnitReportReporter -->
<testsuite hostname="DESKTOP-K9624QN" failures="0" tests="2" name="Academy.Calling" time="49.354" errors="0" timestamp="2021-01-06T22:00:46 IST" skipped="0">
  <testcase classname="Academy.Calling" name="PageNavigate" time="24.617"/>
  <system-out/>
  <testcase classname="Academy.Calling" name="PageNavigate" time="24.737"/>
  <system-out/>
</testsuite> <!-- Academy.Calling -->
