<?xml version="1.0" encoding="UTF-8"?>
<!-- Generated by org.testng.reporters.JUnitReportReporter -->
<testsuite hostname="DESKTOP-K9624QN" failures="0" tests="1" name="Academy.HomePageTextCheck" time="24.377" errors="0" timestamp="2021-01-06T22:00:46 IST" skipped="0">
  <testcase classname="Academy.HomePageTextCheck" name="textCheck" time="24.377"/>
  <system-out/>
</testsuite> <!-- Academy.HomePageTextCheck -->
