<?xml version="1.0" encoding="UTF-8"?>
<!-- Generated by org.testng.reporters.JUnitReportReporter -->
<testsuite hostname="DESKTOP-K9624QN" failures="0" tests="1" name="Academy.CheckNavBar" time="17.120" errors="0" timestamp="2021-01-06T22:00:46 IST" skipped="0">
  <testcase classname="Academy.CheckNavBar" name="CheckNavBarMethod" time="17.120"/>
  <system-out/>
</testsuite> <!-- Academy.CheckNavBar -->
