<?xml version="1.0" encoding="UTF-8"?>
<!-- Generated by org.testng.reporters.JUnitReportReporter -->
<testsuite hostname="DESKTOP-K9624QN" failures="0" tests="2" name="Academy.LoginPageCalling" time="41.324" errors="0" timestamp="2021-03-14T13:55:00 IST" skipped="0">
  <testcase classname="Academy.LoginPageCalling" name="PageNavigate" time="21.646"/>
  <system-out/>
  <testcase classname="Academy.LoginPageCalling" name="PageNavigate" time="19.678"/>
  <system-out/>
</testsuite> <!-- Academy.LoginPageCalling -->
