<?xml version="1.0" encoding="UTF-8"?>
<!-- Generated by org.testng.reporters.JUnitReportReporter -->
<testsuite hostname="DESKTOP-K9624QN" failures="0" tests="1" name="Academy.CheckNavBar" time="12.390" errors="0" timestamp="2021-03-14T13:55:00 IST" skipped="0">
  <testcase classname="Academy.CheckNavBar" name="CheckNavBarMethod" time="12.390"/>
  <system-out/>
</testsuite> <!-- Academy.CheckNavBar -->
