<?xml version="1.0" encoding="UTF-8"?>
<!-- Generated by org.testng.reporters.JUnitReportReporter -->
<testsuite hostname="DESKTOP-K9624QN" failures="0" tests="1" name="Academy.HomePageTextCheck" time="19.324" errors="0" timestamp="2021-03-14T13:55:00 IST" skipped="0">
  <testcase classname="Academy.HomePageTextCheck" name="textCheck" time="19.324"/>
  <system-out/>
</testsuite> <!-- Academy.HomePageTextCheck -->
